2015-05-14 15:48:20 Error: salvou: 
2015-05-14 15:48:20 Error: Array
(
    [Contato] => Array
        (
            [id] => 22
            [nome] => Vasconcelos
            [email] => vasconcelos@siahonline.com.br
            [telefone] => 5389.283
            [msg] => Mansagem do Vasconcelos
            [modified] => 2015-05-05 16:38:56
            [created] => 2015-05-05 16:38:56
            [cliente_id] => 1
            [admin_id] => 2
            [assunto] => assunto do Vasconcelos
            [status] => respondido
            [tipo] => sugestao
            [resposta] => 

<h1>
	assunto do Vasconcelos</h1>

<p><strong>Dois</strong></p>

<p>&nbsp;</p>

<h2>o</h2>

<h2>2</h2>

        )

)

2015-05-14 15:48:20 Error: [MissingControllerException] Controller class WebfontsController could not be found.
Exception Attributes: array (
  'class' => 'WebfontsController',
  'plugin' => 'Administracao',
)
Request URL: /cakephp/administracao/webfonts/roboto-light.woff
Stack Trace:
#0 C:\Users\siah-pc-01\OneDrive\publi_html\htdocs\cakephp\app\webroot\index.php(118): Dispatcher->dispatch(Object(CakeRequest), Object(CakeResponse))
#1 {main}
2015-05-14 15:48:20 Error: [MissingControllerException] Controller class ImgController could not be found.
Exception Attributes: array (
  'class' => 'ImgController',
  'plugin' => 'Administracao',
)
Request URL: /cakephp/administracao/img/quadradinho.png
Stack Trace:
#0 C:\Users\siah-pc-01\OneDrive\publi_html\htdocs\cakephp\app\webroot\index.php(118): Dispatcher->dispatch(Object(CakeRequest), Object(CakeResponse))
#1 {main}
2015-05-14 15:48:20 Error: [MissingControllerException] Controller class WebfontsController could not be found.
Exception Attributes: array (
  'class' => 'WebfontsController',
  'plugin' => 'Administracao',
)
Request URL: /cakephp/administracao/webfonts/roboto-regular.woff
Stack Trace:
#0 C:\Users\siah-pc-01\OneDrive\publi_html\htdocs\cakephp\app\webroot\index.php(118): Dispatcher->dispatch(Object(CakeRequest), Object(CakeResponse))
#1 {main}
2015-05-14 15:48:20 Error: [MissingControllerException] Controller class WebfontsController could not be found.
Exception Attributes: array (
  'class' => 'WebfontsController',
  'plugin' => 'Administracao',
)
Request URL: /cakephp/administracao/webfonts/roboto-bold.woff
Stack Trace:
#0 C:\Users\siah-pc-01\OneDrive\publi_html\htdocs\cakephp\app\webroot\index.php(118): Dispatcher->dispatch(Object(CakeRequest), Object(CakeResponse))
#1 {main}
2015-05-14 15:51:25 Error: [MissingControllerException] Controller class ImgController could not be found.
Exception Attributes: array (
  'class' => 'ImgController',
  'plugin' => 'Administracao',
)
Request URL: /cakephp/administracao/img/quadradinho.png
Stack Trace:
#0 C:\Users\siah-pc-01\OneDrive\publi_html\htdocs\cakephp\app\webroot\index.php(118): Dispatcher->dispatch(Object(CakeRequest), Object(CakeResponse))
#1 {main}
2015-05-14 15:51:25 Error: [MissingControllerException] Controller class WebfontsController could not be found.
Exception Attributes: array (
  'class' => 'WebfontsController',
  'plugin' => 'Administracao',
)
Request URL: /cakephp/administracao/webfonts/roboto-bold.woff
Stack Trace:
#0 C:\Users\siah-pc-01\OneDrive\publi_html\htdocs\cakephp\app\webroot\index.php(118): Dispatcher->dispatch(Object(CakeRequest), Object(CakeResponse))
#1 {main}
2015-05-14 15:51:25 Error: [MissingControllerException] Controller class WebfontsController could not be found.
Exception Attributes: array (
  'class' => 'WebfontsController',
  'plugin' => 'Administracao',
)
Request URL: /cakephp/administracao/webfonts/roboto-light.woff
Stack Trace:
#0 C:\Users\siah-pc-01\OneDrive\publi_html\htdocs\cakephp\app\webroot\index.php(118): Dispatcher->dispatch(Object(CakeRequest), Object(CakeResponse))
#1 {main}
2015-05-14 15:51:25 Error: [MissingControllerException] Controller class WebfontsController could not be found.
Exception Attributes: array (
  'class' => 'WebfontsController',
  'plugin' => 'Administracao',
)
Request URL: /cakephp/administracao/webfonts/roboto-regular.woff
Stack Trace:
#0 C:\Users\siah-pc-01\OneDrive\publi_html\htdocs\cakephp\app\webroot\index.php(118): Dispatcher->dispatch(Object(CakeRequest), Object(CakeResponse))
#1 {main}
2015-05-14 15:51:48 Error: [MissingControllerException] Controller class ImgController could not be found.
Exception Attributes: array (
  'class' => 'ImgController',
  'plugin' => 'Administracao',
)
Request URL: /cakephp/administracao/img/quadradinho.png
Stack Trace:
#0 C:\Users\siah-pc-01\OneDrive\publi_html\htdocs\cakephp\app\webroot\index.php(118): Dispatcher->dispatch(Object(CakeRequest), Object(CakeResponse))
#1 {main}
2015-05-14 15:51:48 Error: [MissingControllerException] Controller class WebfontsController could not be found.
Exception Attributes: array (
  'class' => 'WebfontsController',
  'plugin' => 'Administracao',
)
Request URL: /cakephp/administracao/webfonts/roboto-light.woff
Stack Trace:
#0 C:\Users\siah-pc-01\OneDrive\publi_html\htdocs\cakephp\app\webroot\index.php(118): Dispatcher->dispatch(Object(CakeRequest), Object(CakeResponse))
#1 {main}
2015-05-14 15:51:48 Error: [MissingControllerException] Controller class WebfontsController could not be found.
Exception Attributes: array (
  'class' => 'WebfontsController',
  'plugin' => 'Administracao',
)
Request URL: /cakephp/administracao/webfonts/roboto-regular.woff
Stack Trace:
#0 C:\Users\siah-pc-01\OneDrive\publi_html\htdocs\cakephp\app\webroot\index.php(118): Dispatcher->dispatch(Object(CakeRequest), Object(CakeResponse))
#1 {main}
2015-05-14 15:51:48 Error: [MissingControllerException] Controller class WebfontsController could not be found.
Exception Attributes: array (
  'class' => 'WebfontsController',
  'plugin' => 'Administracao',
)
Request URL: /cakephp/administracao/webfonts/roboto-bold.woff
Stack Trace:
#0 C:\Users\siah-pc-01\OneDrive\publi_html\htdocs\cakephp\app\webroot\index.php(118): Dispatcher->dispatch(Object(CakeRequest), Object(CakeResponse))
#1 {main}
2015-05-14 15:53:02 Error: [MissingControllerException] Controller class ImgController could not be found.
Exception Attributes: array (
  'class' => 'ImgController',
  'plugin' => 'Administracao',
)
Request URL: /cakephp/administracao/img/quadradinho.png
Stack Trace:
#0 C:\Users\siah-pc-01\OneDrive\publi_html\htdocs\cakephp\app\webroot\index.php(118): Dispatcher->dispatch(Object(CakeRequest), Object(CakeResponse))
#1 {main}
2015-05-14 15:53:02 Error: [MissingControllerException] Controller class WebfontsController could not be found.
Exception Attributes: array (
  'class' => 'WebfontsController',
  'plugin' => 'Administracao',
)
Request URL: /cakephp/administracao/webfonts/roboto-bold.woff
Stack Trace:
#0 C:\Users\siah-pc-01\OneDrive\publi_html\htdocs\cakephp\app\webroot\index.php(118): Dispatcher->dispatch(Object(CakeRequest), Object(CakeResponse))
#1 {main}
2015-05-14 15:53:02 Error: [MissingControllerException] Controller class WebfontsController could not be found.
Exception Attributes: array (
  'class' => 'WebfontsController',
  'plugin' => 'Administracao',
)
Request URL: /cakephp/administracao/webfonts/roboto-regular.woff
Stack Trace:
#0 C:\Users\siah-pc-01\OneDrive\publi_html\htdocs\cakephp\app\webroot\index.php(118): Dispatcher->dispatch(Object(CakeRequest), Object(CakeResponse))
#1 {main}
2015-05-14 15:53:02 Error: [MissingControllerException] Controller class WebfontsController could not be found.
Exception Attributes: array (
  'class' => 'WebfontsController',
  'plugin' => 'Administracao',
)
Request URL: /cakephp/administracao/webfonts/roboto-light.woff
Stack Trace:
#0 C:\Users\siah-pc-01\OneDrive\publi_html\htdocs\cakephp\app\webroot\index.php(118): Dispatcher->dispatch(Object(CakeRequest), Object(CakeResponse))
#1 {main}
2015-05-14 15:53:28 Error: [MissingControllerException] Controller class ImgController could not be found.
Exception Attributes: array (
  'class' => 'ImgController',
  'plugin' => 'Administracao',
)
Request URL: /cakephp/administracao/img/quadradinho.png
Stack Trace:
#0 C:\Users\siah-pc-01\OneDrive\publi_html\htdocs\cakephp\app\webroot\index.php(118): Dispatcher->dispatch(Object(CakeRequest), Object(CakeResponse))
#1 {main}
2015-05-14 15:53:28 Error: [MissingControllerException] Controller class WebfontsController could not be found.
Exception Attributes: array (
  'class' => 'WebfontsController',
  'plugin' => 'Administracao',
)
Request URL: /cakephp/administracao/webfonts/roboto-regular.woff
Stack Trace:
#0 C:\Users\siah-pc-01\OneDrive\publi_html\htdocs\cakephp\app\webroot\index.php(118): Dispatcher->dispatch(Object(CakeRequest), Object(CakeResponse))
#1 {main}
2015-05-14 15:53:28 Error: [MissingControllerException] Controller class WebfontsController could not be found.
Exception Attributes: array (
  'class' => 'WebfontsController',
  'plugin' => 'Administracao',
)
Request URL: /cakephp/administracao/webfonts/roboto-light.woff
Stack Trace:
#0 C:\Users\siah-pc-01\OneDrive\publi_html\htdocs\cakephp\app\webroot\index.php(118): Dispatcher->dispatch(Object(CakeRequest), Object(CakeResponse))
#1 {main}
2015-05-14 15:53:28 Error: [MissingControllerException] Controller class WebfontsController could not be found.
Exception Attributes: array (
  'class' => 'WebfontsController',
  'plugin' => 'Administracao',
)
Request URL: /cakephp/administracao/webfonts/roboto-bold.woff
Stack Trace:
#0 C:\Users\siah-pc-01\OneDrive\publi_html\htdocs\cakephp\app\webroot\index.php(118): Dispatcher->dispatch(Object(CakeRequest), Object(CakeResponse))
#1 {main}
2015-05-14 15:53:41 Error: [MissingControllerException] Controller class ImgController could not be found.
Exception Attributes: array (
  'class' => 'ImgController',
  'plugin' => 'Administracao',
)
Request URL: /cakephp/administracao/img/quadradinho.png
Stack Trace:
#0 C:\Users\siah-pc-01\OneDrive\publi_html\htdocs\cakephp\app\webroot\index.php(118): Dispatcher->dispatch(Object(CakeRequest), Object(CakeResponse))
#1 {main}
2015-05-14 15:53:41 Error: [MissingControllerException] Controller class WebfontsController could not be found.
Exception Attributes: array (
  'class' => 'WebfontsController',
  'plugin' => 'Administracao',
)
Request URL: /cakephp/administracao/webfonts/roboto-regular.woff
Stack Trace:
#0 C:\Users\siah-pc-01\OneDrive\publi_html\htdocs\cakephp\app\webroot\index.php(118): Dispatcher->dispatch(Object(CakeRequest), Object(CakeResponse))
#1 {main}
2015-05-14 15:53:41 Error: [MissingControllerException] Controller class WebfontsController could not be found.
Exception Attributes: array (
  'class' => 'WebfontsController',
  'plugin' => 'Administracao',
)
Request URL: /cakephp/administracao/webfonts/roboto-bold.woff
Stack Trace:
#0 C:\Users\siah-pc-01\OneDrive\publi_html\htdocs\cakephp\app\webroot\index.php(118): Dispatcher->dispatch(Object(CakeRequest), Object(CakeResponse))
#1 {main}
2015-05-14 15:53:41 Error: [MissingControllerException] Controller class WebfontsController could not be found.
Exception Attributes: array (
  'class' => 'WebfontsController',
  'plugin' => 'Administracao',
)
Request URL: /cakephp/administracao/webfonts/roboto-light.woff
Stack Trace:
#0 C:\Users\siah-pc-01\OneDrive\publi_html\htdocs\cakephp\app\webroot\index.php(118): Dispatcher->dispatch(Object(CakeRequest), Object(CakeResponse))
#1 {main}
2015-05-14 15:53:44 Error: [MissingControllerException] Controller class ImgController could not be found.
Exception Attributes: array (
  'class' => 'ImgController',
  'plugin' => 'Administracao',
)
Request URL: /cakephp/administracao/img/quadradinho.png
Stack Trace:
#0 C:\Users\siah-pc-01\OneDrive\publi_html\htdocs\cakephp\app\webroot\index.php(118): Dispatcher->dispatch(Object(CakeRequest), Object(CakeResponse))
#1 {main}
2015-05-14 15:53:44 Error: [MissingControllerException] Controller class WebfontsController could not be found.
Exception Attributes: array (
  'class' => 'WebfontsController',
  'plugin' => 'Administracao',
)
Request URL: /cakephp/administracao/webfonts/roboto-regular.woff
Stack Trace:
#0 C:\Users\siah-pc-01\OneDrive\publi_html\htdocs\cakephp\app\webroot\index.php(118): Dispatcher->dispatch(Object(CakeRequest), Object(CakeResponse))
#1 {main}
2015-05-14 15:53:44 Error: [MissingControllerException] Controller class WebfontsController could not be found.
Exception Attributes: array (
  'class' => 'WebfontsController',
  'plugin' => 'Administracao',
)
Request URL: /cakephp/administracao/webfonts/roboto-bold.woff
Stack Trace:
#0 C:\Users\siah-pc-01\OneDrive\publi_html\htdocs\cakephp\app\webroot\index.php(118): Dispatcher->dispatch(Object(CakeRequest), Object(CakeResponse))
#1 {main}
2015-05-14 15:53:44 Error: [MissingControllerException] Controller class WebfontsController could not be found.
Exception Attributes: array (
  'class' => 'WebfontsController',
  'plugin' => 'Administracao',
)
Request URL: /cakephp/administracao/webfonts/roboto-light.woff
Stack Trace:
#0 C:\Users\siah-pc-01\OneDrive\publi_html\htdocs\cakephp\app\webroot\index.php(118): Dispatcher->dispatch(Object(CakeRequest), Object(CakeResponse))
#1 {main}
